Arguments: 
  /usr/bin/node /home/robin/.npm-global/bin/yarn add @tailwind/line-clamp

PATH: 
  /home/robin/.config/composer/vendor/bin:/home/robin/.symfony/bin:/home/robin/.bin:/home/robin/.npm-global/bin:/home/robin/.config/composer/vendor/bin:/home/robin/.symfony/bin:/home/robin/.bin:/home/robin/.npm-global/bin:/usr/local/sbin:/usr/local/bin:/usr/sbin:/usr/bin:/sbin:/bin:/usr/games:/usr/local/games:/snap/bin:/snap/bin

Yarn version: 
  1.22.10

Node version: 
  12.22.5

Platform: 
  linux x64

Trace: 
  Error: https://registry.yarnpkg.com/@tailwind%2fline-clamp: Not found
      at Request.params.callback [as _callback] (/home/robin/.npm-global/lib/node_modules/yarn/lib/cli.js:66988:18)
      at Request.self.callback (/home/robin/.npm-global/lib/node_modules/yarn/lib/cli.js:140662:22)
      at Request.emit (events.js:314:20)
      at Request.<anonymous> (/home/robin/.npm-global/lib/node_modules/yarn/lib/cli.js:141634:10)
      at Request.emit (events.js:314:20)
      at IncomingMessage.<anonymous> (/home/robin/.npm-global/lib/node_modules/yarn/lib/cli.js:141556:12)
      at Object.onceWrapper (events.js:420:28)
      at IncomingMessage.emit (events.js:326:22)
      at endReadableNT (_stream_readable.js:1241:12)
      at processTicksAndRejections (internal/process/task_queues.js:84:21)

npm manifest: 
  {
      "name": "@pushword/js-helper",
      "version": "0.0.69",
      "description": "Pushword front end helpers. ",
      "author": "Robin@PiedWeb <contact@piedweb.com>",
      "license": "MIT",
      "scripts": {
          "prettier": "prettier ./src/*.{js,scss} --write"
      },
      "dependencies": {
          "140.css": "^1.0.1",
          "@symfony/webpack-encore": "^1.7",
          "@tailwindcss/aspect-ratio": "^0.2",
          "@tailwindcss/forms": "^0.4",
          "@tailwindcss/typography": "^0.5",
          "tailwindcss-multi-column": "^1.0.2",
          "ace-builds": "^1.4.12",
          "autoprefixer": "^10.1.0",
          "babel-preset-stage-2": "^6.24.1",
          "codemirror": "^5.59.0",
          "core-js": "^3.8.1",
          "easymde": "^2.13.0",
          "fslightbox": "^3.2.2",
          "file-loader": "^6.0",
          "node-sass": "^5.0.0",
          "postcss": "^8.2.1",
          "postcss-import": "^14.0.0",
          "postcss-loader": "^4.1",
          "sass-loader": "^10.1.0",
          "simple-jekyll-search": "^1.9.1",
          "tailwindcss": "^3",
          "tailwindcss-hero-patterns": "^0.0.1",
          "webpack-watch-files-plugin": "^1.1.0"
      },
      "repository": {
          "type": "git",
          "url": "git+https://github.com/Pushword/js-helper.git"
      },
      "keywords": [
          "native"
      ],
      "bugs": {
          "url": "https://github.com/Pushword/Pushword/issues"
      },
      "homepage": "https://pushword.piedweb.com",
      "gitHead": "242ec54483dca1be93d7a62d8d554c9c08008c28"
  }

yarn manifest: 
  No manifest

Lockfile: 
  No lockfile
